[1010/164742.922:ERROR:filesystem_win.cc(129)] GetFileAttributes C:\Users\Aleksandr\AppData\Local\Google\Chrome\User Data\Crashpad\attachments\10e9badb-3ed7-4c71-a03a-fd89d1af8921: The system cannot find the path specified. (0x3)
[1010/164742.923:ERROR:filesystem_win.cc(129)] GetFileAttributes C:\Users\Aleksandr\AppData\Local\Google\Chrome\User Data\Crashpad\attachments\1242d2df-9020-481e-ba7e-a1c1ef586ef7: The system cannot find the path specified. (0x3)
[1010/164742.935:ERROR:filesystem_win.cc(129)] GetFileAttributes C:\Users\Aleksandr\AppData\Local\Google\Chrome\User Data\Crashpad\attachments\3c603c16-e2e6-48e6-b279-4ed417e82f72: The system cannot find the path specified. (0x3)
[1010/164742.938:ERROR:filesystem_win.cc(129)] GetFileAttributes C:\Users\Aleksandr\AppData\Local\Google\Chrome\User Data\Crashpad\attachments\46499a49-6dc3-46dd-ab05-0501c68fa234: The system cannot find the path specified. (0x3)
[1010/164742.942:ERROR:filesystem_win.cc(129)] GetFileAttributes C:\Users\Aleksandr\AppData\Local\Google\Chrome\User Data\Crashpad\attachments\512baf2f-41d0-40c1-aecc-5f1b8b02dd69: The system cannot find the path specified. (0x3)
[1010/164742.943:ERROR:filesystem_win.cc(129)] GetFileAttributes C:\Users\Aleksandr\AppData\Local\Google\Chrome\User Data\Crashpad\attachments\51415b0c-d866-4ff9-bba9-50c20ee3d910: The system cannot find the path specified. (0x3)
[1010/164742.944:ERROR:filesystem_win.cc(129)] GetFileAttributes C:\Users\Aleksandr\AppData\Local\Google\Chrome\User Data\Crashpad\attachments\52840a41-2200-4644-9af2-8520e83d7d12: The system cannot find the path specified. (0x3)
[1010/164742.945:ERROR:filesystem_win.cc(129)] GetFileAttributes C:\Users\Aleksandr\AppData\Local\Google\Chrome\User Data\Crashpad\attachments\5b9f5938-2e83-42eb-a3ec-4a2c3acfb4f6: The system cannot find the path specified. (0x3)
[1010/164742.954:ERROR:filesystem_win.cc(129)] GetFileAttributes C:\Users\Aleksandr\AppData\Local\Google\Chrome\User Data\Crashpad\attachments\69527a5c-f367-4007-bfb3-6f3c893f5336: The system cannot find the path specified. (0x3)
[1010/164742.961:ERROR:filesystem_win.cc(129)] GetFileAttributes C:\Users\Aleksandr\AppData\Local\Google\Chrome\User Data\Crashpad\attachments\6ed7f8f8-184d-4dcb-9f02-0295242edada: The system cannot find the path specified. (0x3)
[1010/164742.961:ERROR:filesystem_win.cc(129)] GetFileAttributes C:\Users\Aleksandr\AppData\Local\Google\Chrome\User Data\Crashpad\attachments\74eb0f89-72ac-41c8-a00c-1d21d2c20995: The system cannot find the path specified. (0x3)
[1010/164742.962:ERROR:filesystem_win.cc(129)] GetFileAttributes C:\Users\Aleksandr\AppData\Local\Google\Chrome\User Data\Crashpad\attachments\7633eed0-017c-4211-812f-acf4e6158e02: The system cannot find the path specified. (0x3)
[1010/164742.970:ERROR:filesystem_win.cc(129)] GetFileAttributes C:\Users\Aleksandr\AppData\Local\Google\Chrome\User Data\Crashpad\attachments\8a5fc149-faed-4794-beed-1ae85c18a80a: The system cannot find the path specified. (0x3)
[1010/164742.973:ERROR:filesystem_win.cc(129)] GetFileAttributes C:\Users\Aleksandr\AppData\Local\Google\Chrome\User Data\Crashpad\attachments\8b889c26-93e9-4a71-8b07-a1422c5d96af: The system cannot find the path specified. (0x3)
[1010/164742.990:ERROR:filesystem_win.cc(129)] GetFileAttributes C:\Users\Aleksandr\AppData\Local\Google\Chrome\User Data\Crashpad\attachments\9e90287f-0076-4a3a-a0fa-84cebf336d2d: The system cannot find the path specified. (0x3)
[1010/164742.998:ERROR:filesystem_win.cc(129)] GetFileAttributes C:\Users\Aleksandr\AppData\Local\Google\Chrome\User Data\Crashpad\attachments\b1014894-9645-47bd-864c-9432f3db2e07: The system cannot find the path specified. (0x3)
[1010/164743.004:ERROR:filesystem_win.cc(129)] GetFileAttributes C:\Users\Aleksandr\AppData\Local\Google\Chrome\User Data\Crashpad\attachments\b2fbde86-3a2d-4788-95be-d3993d9761e6: The system cannot find the path specified. (0x3)
[1010/164743.006:ERROR:filesystem_win.cc(129)] GetFileAttributes C:\Users\Aleksandr\AppData\Local\Google\Chrome\User Data\Crashpad\attachments\b34dc421-51fb-4c6f-9683-0cd7a9192b32: The system cannot find the path specified. (0x3)
[1010/164743.018:ERROR:filesystem_win.cc(129)] GetFileAttributes C:\Users\Aleksandr\AppData\Local\Google\Chrome\User Data\Crashpad\attachments\ca5eb0ff-c12f-4d89-b836-ae75a0c177b9: The system cannot find the path specified. (0x3)
[1010/164743.031:ERROR:filesystem_win.cc(129)] GetFileAttributes C:\Users\Aleksandr\AppData\Local\Google\Chrome\User Data\Crashpad\attachments\d5405f69-99ab-46c6-bcff-e1593cacc581: The system cannot find the path specified. (0x3)
[1010/164743.036:ERROR:filesystem_win.cc(129)] GetFileAttributes C:\Users\Aleksandr\AppData\Local\Google\Chrome\User Data\Crashpad\attachments\dd3dbdeb-08c0-489d-b9c7-c612899705ff: The system cannot find the path specified. (0x3)
[1010/164743.049:ERROR:filesystem_win.cc(129)] GetFileAttributes C:\Users\Aleksandr\AppData\Local\Google\Chrome\User Data\Crashpad\attachments\e24128ff-a96e-4128-a858-8d93f09428e5: The system cannot find the path specified. (0x3)
[1010/164743.053:ERROR:filesystem_win.cc(129)] GetFileAttributes C:\Users\Aleksandr\AppData\Local\Google\Chrome\User Data\Crashpad\attachments\e3110127-9a3f-453d-895c-fb3752c47bf2: The system cannot find the path specified. (0x3)
[1010/164743.060:ERROR:filesystem_win.cc(129)] GetFileAttributes C:\Users\Aleksandr\AppData\Local\Google\Chrome\User Data\Crashpad\attachments\e98f8cb0-139a-4bb2-93b3-a232e41f1559: The system cannot find the path specified. (0x3)
[1010/164743.066:ERROR:filesystem_win.cc(129)] GetFileAttributes C:\Users\Aleksandr\AppData\Local\Google\Chrome\User Data\Crashpad\attachments\ef04b5f5-d0a4-4356-bdb6-799a3c6992c5: The system cannot find the path specified. (0x3)
[1010/164743.068:ERROR:filesystem_win.cc(129)] GetFileAttributes C:\Users\Aleksandr\AppData\Local\Google\Chrome\User Data\Crashpad\attachments\f40dddd7-c39a-435f-8b94-5c212facc417: The system cannot find the path specified. (0x3)
[1010/164743.077:ERROR:directory_reader_win.cc(43)] FindFirstFile: The system cannot find the path specified. (0x3)
[1014/071107.151:ERROR:directory_reader_win.cc(43)] FindFirstFile: The system cannot find the path specified. (0x3)
[1016/081647.744:ERROR:directory_reader_win.cc(43)] FindFirstFile: The system cannot find the path specified. (0x3)
